<?xml version="1.0" encoding="UTF-8"?>
<testng-results ignored="0" total="1" passed="1" failed="0" skipped="0">
  <reporter-output>
  </reporter-output>
  <suite started-at="2021-04-27T07:19:37 IST" name="Default suite" finished-at="2021-04-27T07:20:03 IST" duration-ms="26754">
    <groups>
    </groups>
    <test started-at="2021-04-27T07:19:37 IST" name="Default test" finished-at="2021-04-27T07:20:03 IST" duration-ms="26754">
      <class name="Testcases.Loginapplication">
        <test-method signature="Login()[pri:0, instance:Testcases.Loginapplication@38c5cc4c]" started-at="2021-04-27T07:19:37 IST" name="Login" finished-at="2021-04-27T07:20:03 IST" duration-ms="26638" status="PASS">
          <reporter-output>
          </reporter-output>
        </test-method> <!-- Login -->
      </class> <!-- Testcases.Loginapplication -->
    </test> <!-- Default test -->
  </suite> <!-- Default suite -->
</testng-results>
